{
  "RSpec": {
    "coverage": {
      "/Users/pedroperafan/RubymineProjects/chain_forge/main.rb": {
        "lines": [
          null,
          null,
          1,
          1,
          1,
          1,
          1,
          null,
          1,
          null,
          null,
          1,
          6,
          null,
          null,
          1,
          1,
          1,
          null,
          null,
          1,
          1,
          1,
          1,
          null,
          null,
          1,
          2,
          2,
          2,
          1,
          null,
          null,
          1,
          null,
          null,
          null,
          null,
          null,
          1,
          2,
          2,
          2,
          2,
          2,
          2,
          null,
          2,
          null,
          null,
          2,
          null,
          null,
          null,
          null,
          null,
          1,
          1,
          4,
          null,
          null,
          1,
          4,
          3,
          null,
          3,
          null,
          null
        ]
      },
      "/Users/pedroperafan/RubymineProjects/chain_forge/src/blockchain.rb": {
        "lines": [
          null,
          null,
          1,
          null,
          1,
          null,
          null,
          null,
          null,
          1,
          1,
          null,
          1,
          null,
          1,
          null,
          null,
          null,
          null,
          1,
          6,
          6,
          6,
          null,
          null,
          null,
          null,
          null,
          null,
          1,
          2,
          null,
          null,
          null,
          null,
          null,
          1,
          8,
          1,
          null,
          null,
          null,
          null,
          1,
          null,
          null,
          null,
          1,
          14,
          null,
          null
        ]
      },
      "/Users/pedroperafan/RubymineProjects/chain_forge/src/block.rb": {
        "lines": [
          null,
          null,
          1,
          1,
          null,
          null,
          null,
          null,
          null,
          null,
          1,
          1,
          1,
          null,
          null,
          null,
          null,
          null,
          null,
          null,
          1,
          1,
          1,
          1,
          null,
          1,
          null,
          null,
          1,
          null,
          null,
          null,
          null,
          null,
          null,
          null,
          1,
          27,
          27,
          null,
          null,
          null,
          null,
          1,
          4,
          null,
          null
        ]
      }
    },
    "timestamp": 1762669429
  }
}
